<?xml version="1.0" encoding="UTF-8"?>
<testng-results skipped="0" failed="0" ignored="0" total="1" passed="1">
  <reporter-output>
  </reporter-output>
  <suite name="Default suite" duration-ms="24445" started-at="2017-01-30T08:33:13Z" finished-at="2017-01-30T08:33:38Z">
    <groups>
    </groups>
    <test name="Default test" duration-ms="24445" started-at="2017-01-30T08:33:13Z" finished-at="2017-01-30T08:33:38Z">
      <class name="Delete_Group.Delete_Arti.wEBDRIVER">
        <test-method status="PASS" signature="hi()[pri:0, instance:Delete_Group.Delete_Arti.wEBDRIVER@28feb3fa]" name="hi" duration-ms="24381" started-at="2017-01-30T14:03:13Z" finished-at="2017-01-30T14:03:38Z">
          <reporter-output>
          </reporter-output>
        </test-method> <!-- hi -->
      </class> <!-- Delete_Group.Delete_Arti.wEBDRIVER -->
    </test> <!-- Default test -->
  </suite> <!-- Default suite -->
</testng-results>
